\BOOKMARK [1][-]{section*.2}{\376\377\000A\000b\000s\000t\000r\000a\000c\000t}{}% 1
\BOOKMARK [1][-]{section*.3}{\376\377\000S\000t\000r\000u\000c\000t\000u\000r\000e\000\040\000o\000f\000\040\000t\000h\000e\000\040\000d\000o\000c\000u\000m\000e\000n\000t}{}% 2
\BOOKMARK [1][-]{section*.4}{\376\377\0001\000\040\000T\000e\000x\000t\000\040\000A\000n\000a\000l\000y\000s\000i\000s\000\040\000a\000n\000d\000\040\000N\000L\000P\000:\000\040\000A\000\040\000B\000a\000c\000k\000g\000r\000o\000u\000n\000d}{}% 3
\BOOKMARK [2][-]{section*.5}{\376\377\0001\000.\0002\000\040\000S\000e\000n\000t\000i\000m\000e\000n\000t\000\040\000A\000n\000a\000l\000y\000s\000i\000s}{section*.4}% 4
\BOOKMARK [2][-]{section*.6}{\376\377\0001\000.\0003\000\040\000S\000u\000p\000e\000r\000v\000i\000s\000e\000d\000\040\000a\000n\000d\000\040\000U\000n\000s\000u\000p\000e\000r\000v\000i\000s\000e\000d\000\040\000M\000a\000c\000h\000i\000n\000e\000\040\000L\000e\000a\000r\000n\000i\000n\000g\000\040\000w\000i\000t\000h\000\040\000N\000L\000P}{section*.4}% 5
\BOOKMARK [2][-]{section*.7}{\376\377\0001\000.\0004\000\040\000T\000w\000i\000t\000t\000e\000r\000'\000s\000\040\000i\000m\000p\000a\000c\000t\000\040\000o\000n\000\040\000t\000h\000e\000\040\000s\000t\000o\000c\000k\000\040\000m\000a\000r\000k\000e\000t}{section*.4}% 6
\BOOKMARK [2][-]{section*.8}{\376\377\0001\000.\0005\000\040\000H\000o\000w\000\040\000c\000o\000m\000p\000u\000t\000e\000r\000s\000\040\000u\000s\000e\000\040\000t\000e\000x\000t\000\040\000d\000a\000t\000a}{section*.4}% 7
\BOOKMARK [2][-]{section*.9}{\376\377\0001\000.\0006\000\040\000A\000p\000p\000l\000i\000c\000a\000t\000i\000o\000n\000s\000\040\000o\000f\000\040\000N\000L\000P}{section*.4}% 8
\BOOKMARK [1][-]{section*.10}{\376\377\0002\000\040\000A\000i\000m\000s}{}% 9
\BOOKMARK [2][-]{section*.11}{\376\377\0002\000.\0001\000\040\000M\000o\000t\000i\000v\000a\000t\000i\000o\000n\000\040\000f\000o\000r\000\040\000a\000n\000d\000\040\000s\000u\000m\000m\000a\000r\000y\000\040\000o\000f\000\040\000t\000h\000e\000\040\000p\000r\000o\000j\000e\000c\000t}{section*.10}% 10
\BOOKMARK [2][-]{section*.12}{\376\377\0002\000.\0002\000\040\000A\000n\000\040\000o\000v\000e\000r\000v\000i\000e\000w\000\040\000o\000f\000\040\000t\000h\000e\000\040\000a\000p\000p\000r\000o\000a\000c\000h\000\040\000t\000o\000\040\000b\000e\000\040\000t\000a\000k\000e\000n}{section*.10}% 11
\BOOKMARK [2][-]{section*.13}{\376\377\0002\000.\0003\000\040\000T\000h\000e\000\040\000D\000a\000t\000a}{section*.10}% 12
\BOOKMARK [1][-]{section*.14}{\376\377\0003\000\040\000T\000o\000p\000i\000c\000\040\000M\000o\000d\000e\000l\000s}{}% 13
\BOOKMARK [2][-]{section*.15}{\376\377\0003\000.\0001\000\040\000I\000n\000t\000r\000o\000d\000u\000c\000t\000i\000o\000n}{section*.14}% 14
\BOOKMARK [2][-]{section*.16}{\376\377\0003\000.\0002\000\040\000M\000e\000t\000h\000o\000d\000s\000\040\000f\000o\000r\000\040\000t\000o\000p\000i\000c\000\040\000m\000o\000d\000e\000l\000i\000n\000g}{section*.14}% 15
\BOOKMARK [2][-]{section*.17}{\376\377\0003\000.\0003\000\040\000L\000a\000t\000e\000n\000t\000\040\000S\000e\000m\000a\000n\000t\000i\000c\000\040\000I\000n\000d\000e\000x\000i\000n\000g\000\040\000\050\000L\000S\000A\000\051}{section*.14}% 16
\BOOKMARK [2][-]{section*.18}{\376\377\0003\000.\0004\000\040\000N\000o\000n\000-\000n\000e\000g\000a\000t\000i\000v\000e\000\040\000m\000a\000t\000r\000i\000x\000\040\000f\000a\000c\000t\000o\000r\000i\000s\000a\000t\000i\000o\000n}{section*.14}% 17
\BOOKMARK [1][-]{section*.19}{\376\377\0004\000\040\000L\000a\000t\000e\000n\000t\000\040\000D\000i\000r\000i\000c\000h\000l\000e\000t\000\040\000A\000l\000l\000o\000c\000a\000t\000i\000o\000n}{}% 18
\BOOKMARK [2][-]{section*.20}{\376\377\0004\000.\0001\000\040\000L\000D\000A\000\040\000I\000n\000t\000r\000o\000d\000u\000c\000t\000i\000o\000n}{section*.19}% 19
\BOOKMARK [2][-]{section*.21}{\376\377\0004\000.\0002\000\040\000L\000D\000A\000\040\000I\000n\000-\000D\000e\000p\000t\000h}{section*.19}% 20
\BOOKMARK [2][-]{section*.22}{\376\377\0004\000.\0002\000.\0001\000\040\000T\000h\000e\000\040\000G\000e\000n\000e\000r\000a\000t\000i\000v\000e\000\040\000P\000r\000o\000c\000e\000s\000s\000\040\000o\000f\000\040\000L\000D\000A}{section*.19}% 21
\BOOKMARK [3][-]{section*.23}{\376\377\0004\000.\0002\000.\0001\000\040\000N\000o\000t\000a\000t\000i\000o\000n}{section*.22}% 22
\BOOKMARK [2][-]{section*.24}{\376\377\0004\000.\0003\000\040\000T\000h\000e\000\040\000D\000i\000r\000i\000c\000h\000l\000e\000t\000\040\000D\000i\000s\000t\000r\000i\000b\000u\000t\000i\000o\000n}{section*.19}% 23
\BOOKMARK [3][-]{section*.25}{\376\377\0004\000.\0003\000.\0001\000\040\000T\000o\000y\000\040\000E\000x\000a\000m\000p\000l\000e\000\040\000f\000o\000r\000\040\000t\000h\000e\000\040\000D\000i\000r\000i\000c\000h\000l\000e\000t\000\040\000D\000i\000s\000t\000r\000i\000b\000u\000t\000i\000o\000n}{section*.24}% 24
\BOOKMARK [3][-]{section*.26}{\376\377\0004\000.\0003\000.\0002\000\040\000D\000i\000r\000i\000c\000h\000l\000e\000t\000\040\000i\000n\000\040\000d\000e\000t\000a\000i\000l}{section*.24}% 25
\BOOKMARK [2][-]{section*.27}{\376\377\0004\000.\0004\000\040\000P\000l\000a\000t\000e\000\040\000n\000o\000t\000a\000t\000i\000o\000n}{section*.19}% 26
\BOOKMARK [2][-]{section*.28}{\376\377\0004\000.\0005\000\040\000G\000i\000b\000b\000s\000\040\000s\000a\000m\000p\000l\000i\000n\000g}{section*.19}% 27
\BOOKMARK [3][-]{section*.29}{\376\377\0004\000.\0005\000.\0001\000\040\000G\000i\000b\000b\000s\000\040\000S\000a\000m\000p\000l\000i\000n\000g\000\040\000i\000n\000\040\000d\000e\000t\000a\000i\000l}{section*.28}% 28
\BOOKMARK [3][-]{section*.30}{\376\377\000O\000b\000t\000a\000i\000n\000i\000n\000g\000\040\000t\000h\000e\000\040\000t\000o\000p\000i\000c\000\040\000a\000n\000d\000\040\000w\000o\000r\000d\000\040\000d\000i\000s\000t\000r\000i\000b\000u\000t\000i\000o\000n\000s}{section*.28}% 29
\BOOKMARK [2][-]{section*.31}{\376\377\0004\000.\0006\000\040\000B\000e\000n\000e\000f\000i\000t\000s\000\040\000o\000f\000\040\000L\000D\000A}{section*.19}% 30
\BOOKMARK [1][-]{section*.32}{\376\377\0005\000\040\000P\000i\000p\000e\000l\000i\000n\000e\000\040\000A\000r\000c\000h\000i\000t\000e\000c\000t\000u\000r\000e}{}% 31
\BOOKMARK [2][-]{section*.33}{\376\377\0005\000.\0001\000\040\000P\000r\000e\000-\000p\000r\000o\000c\000e\000s\000s\000i\000n\000g}{section*.32}% 32
\BOOKMARK [3][-]{section*.34}{\376\377\0005\000.\0001\000.\0002\000\040\000L\000e\000m\000m\000a\000t\000i\000s\000a\000t\000i\000o\000n}{section*.33}% 33
\BOOKMARK [3][-]{section*.35}{\376\377\0005\000.\0001\000.\0003\000\040\000T\000o\000k\000e\000n\000i\000s\000a\000t\000i\000o\000n}{section*.33}% 34
\BOOKMARK [3][-]{section*.36}{\376\377\0005\000.\0001\000.\0004\000\040\000n\000-\000g\000r\000a\000m\000s\000:\000\040\000I\000n\000c\000l\000u\000d\000i\000n\000g\000\040\000p\000h\000r\000a\000s\000e\000s}{section*.33}% 35
\BOOKMARK [3][-]{section*.37}{\376\377\0005\000.\0001\000.\0005\000\040\000F\000i\000l\000t\000e\000r\000i\000n\000g\000\040\000t\000o\000k\000e\000n\000s\000\040\000t\000h\000a\000t\000\040\000e\000x\000h\000i\000b\000i\000t\000\040\000e\000x\000t\000r\000e\000m\000e\000\040\000f\000r\000e\000q\000u\000e\000n\000c\000i\000e\000s}{section*.33}% 36
\BOOKMARK [2][-]{section*.38}{\376\377\0005\000.\0002\000\040\000R\000u\000n\000n\000i\000n\000g\000\040\000t\000h\000e\000\040\000L\000D\000A\000\040\000A\000l\000g\000o\000r\000i\000t\000h\000m}{section*.32}% 37
\BOOKMARK [3][-]{section*.40}{\376\377\0005\000.\0002\000.\0001\000\040\000I\000n\000p\000u\000t\000s\000\040\000i\000n\000t\000o\000\040\000t\000h\000e\000\040\000m\000o\000d\000e\000l\000:\000\040\000E\000v\000a\000l\000u\000a\000t\000i\000n\000g\000\040\000t\000h\000e\000\040\000B\000e\000s\000t\000\040\000N\000u\000m\000b\000e\000r\000\040\000o\000f\000\040\000T\000o\000p\000i\000c\000s}{section*.38}% 38
\BOOKMARK [3][-]{section*.41}{\376\377\0005\000.\0002\000.\0003\000\040\000R\000u\000n\000n\000i\000n\000g\000\040\000t\000h\000e\000\040\000M\000o\000d\000e\000l}{section*.38}% 39
\BOOKMARK [1][-]{section*.42}{\376\377\0006\000\040\000V\000i\000s\000u\000a\000l\000i\000s\000a\000t\000i\000o\000n}{}% 40
